<?xml version="1.0" encoding="UTF-8"?>
<!-- Generated by org.testng.reporters.JUnitXMLReporter -->
<testsuite ignored="0" hostname="DESKTOP-FI8UJG3" failures="4" tests="4" name="Kite Login page validation" time="19.539" errors="0" timestamp="2022-06-29T20:40:46 IST">
  <testcase classname="com.zerodha.kite.tests.KiteLoginPagesValidationWithoutDD" name="verifyKiteLoginPageTitle" time="7.378">
    <failure type="java.lang.AssertionError" message="The following asserts failed:
	expected [ Zerodha&amp;apos;s fast and elegant flagship trading platform] but found [Kite - Zerodha&amp;apos;s fast and elegant flagship trading platform]">
      <![CDATA[java.lang.AssertionError: The following asserts failed:
expected [ Zerodha's fast and elegant flagship trading platform] but found [Kite - Zerodha's fast and elegant flagship trading platform]
at com.zerodha.kite.tests.KiteLoginPagesValidationWithoutDD.verifyKiteLoginPageTitle(KiteLoginPagesValidationWithoutDD.java:30)
at java.base/java.util.ArrayList.forEach(ArrayList.java:1511)
... Removed 29 stack frames]]>
    </failure>
  </testcase> <!-- verifyKiteLoginPageTitle -->
  <testcase classname="com.zerodha.kite.tests.KiteLoginPagesValidationWithoutDD" name="verifyElementStatus" time="0.176">
    <failure type="java.lang.AssertionError" message="The following asserts failed:
	expected [ Zerodha&amp;apos;s fast and elegant flagship trading platform] but found [Kite - Zerodha&amp;apos;s fast and elegant flagship trading platform]">
      <![CDATA[java.lang.AssertionError: The following asserts failed:
expected [ Zerodha's fast and elegant flagship trading platform] but found [Kite - Zerodha's fast and elegant flagship trading platform]
at com.zerodha.kite.tests.KiteLoginPagesValidationWithoutDD.verifyElementStatus(KiteLoginPagesValidationWithoutDD.java:40)
at java.base/java.util.ArrayList.forEach(ArrayList.java:1511)
... Removed 29 stack frames]]>
    </failure>
  </testcase> <!-- verifyElementStatus -->
  <testcase classname="com.zerodha.kite.tests.KiteLoginPagesValidationWithoutDD" name="verifyFieldValidation" time="0.223">
    <failure type="java.lang.AssertionError" message="The following asserts failed:
	expected [ Zerodha&amp;apos;s fast and elegant flagship trading platform] but found [Kite - Zerodha&amp;apos;s fast and elegant flagship trading platform]">
      <![CDATA[java.lang.AssertionError: The following asserts failed:
expected [ Zerodha's fast and elegant flagship trading platform] but found [Kite - Zerodha's fast and elegant flagship trading platform]
at com.zerodha.kite.tests.KiteLoginPagesValidationWithoutDD.verifyFieldValidation(KiteLoginPagesValidationWithoutDD.java:51)
at java.base/java.util.ArrayList.forEach(ArrayList.java:1511)
... Removed 29 stack frames]]>
    </failure>
  </testcase> <!-- verifyFieldValidation -->
  <testcase classname="com.zerodha.kite.tests.KiteLoginPagesValidationWithoutDD" name="verifyInvalidCredentialError" time="1.126">
    <failure type="java.lang.AssertionError" message="The following asserts failed:
	expected [ Zerodha&amp;apos;s fast and elegant flagship trading platform] but found [Kite - Zerodha&amp;apos;s fast and elegant flagship trading platform]">
      <![CDATA[java.lang.AssertionError: The following asserts failed:
expected [ Zerodha's fast and elegant flagship trading platform] but found [Kite - Zerodha's fast and elegant flagship trading platform]
at com.zerodha.kite.tests.KiteLoginPagesValidationWithoutDD.verifyInvalidCredentialError(KiteLoginPagesValidationWithoutDD.java:67)
at java.base/java.util.ArrayList.forEach(ArrayList.java:1511)
... Removed 29 stack frames]]>
    </failure>
  </testcase> <!-- verifyInvalidCredentialError -->
</testsuite> <!-- Kite Login page validation -->
